<?xml version="1.0" encoding="UTF-8"?>
<!-- Generated by org.testng.reporters.JUnitReportReporter -->
<testsuite hostname="LAPTOP-ISFH261S" failures="0" tests="6" name="testCases.TC003_LoginDDT" time="28.024" errors="0" timestamp="2025-05-03T00:55:46 IST" skipped="0">
  <testcase classname="testCases.TC003_LoginDDT" name="verify_loginDDT" time="1.849"/>
  <testcase classname="testCases.TC003_LoginDDT" name="verify_loginDDT" time="1.391"/>
  <testcase classname="testCases.TC003_LoginDDT" name="verify_loginDDT" time="11.007"/>
  <testcase classname="testCases.TC003_LoginDDT" name="verify_loginDDT" time="1.763"/>
  <testcase classname="testCases.TC003_LoginDDT" name="verify_loginDDT" time="1.499"/>
  <testcase classname="testCases.TC003_LoginDDT" name="verify_loginDDT" time="10.515"/>
</testsuite> <!-- testCases.TC003_LoginDDT -->
